TN:
SF:server/lib/entityGroup.js
FN:3,EntityGroup
FN:11,getEntities
FNF:2
FNH:1
FNDA:1,EntityGroup
FNDA:0,getEntities
DA:1,1
DA:2,1
DA:3,1
DA:4,1
DA:5,1
DA:6,1
DA:7,1
DA:8,1
DA:9,1
DA:10,1
DA:11,1
DA:12,0
DA:13,0
DA:14,0
DA:15,0
DA:16,0
DA:17,0
DA:18,0
DA:19,0
DA:20,0
DA:21,0
DA:22,0
DA:23,0
DA:24,0
DA:25,0
DA:26,0
DA:27,0
DA:28,1
LF:28
LH:12
BRDA:1,0,0,1
BRDA:3,1,0,1
BRDA:4,2,0,0
BRF:3
BRH:2
end_of_record
TN:
SF:server/lib/gameConfig.js
FNF:0
FNH:0
DA:1,1
DA:2,1
LF:2
LH:2
BRDA:1,0,0,1
BRF:1
BRH:1
end_of_record
TN:
SF:server/lib/gameInstance.js
FN:9,GameInstance
FN:25,dispenseSign
FN:31,initializeGrid
FN:47,getState
FN:54,getLocalState
FN:88,findRandomSpot
FN:109,playerOnlineOrAddPlayer
FN:142,playerOffline
FN:159,handleInput
FNF:9
FNH:2
FNDA:1,GameInstance
FNDA:0,dispenseSign
FNDA:1,initializeGrid
FNDA:0,getState
FNDA:0,getLocalState
FNDA:0,findRandomSpot
FNDA:0,playerOnlineOrAddPlayer
FNDA:0,playerOffline
FNDA:0,handleInput
DA:1,1
DA:2,1
DA:3,1
DA:4,1
DA:5,1
DA:6,1
DA:7,1
DA:8,1
DA:9,1
DA:10,1
DA:11,1
DA:12,1
DA:13,1
DA:14,1
DA:15,1
DA:16,1
DA:17,1
DA:18,1
DA:19,1
DA:20,1
DA:21,1
DA:22,1
DA:23,1
DA:24,1
DA:25,1
DA:26,0
DA:27,0
DA:28,0
DA:29,0
DA:30,1
DA:31,1
DA:32,1
DA:33,1
DA:34,100
DA:35,100
DA:36,100
DA:37,100
DA:38,100
DA:39,100
DA:40,100
DA:41,100
DA:42,1
DA:43,1
DA:44,1
DA:45,1
DA:46,1
DA:47,1
DA:48,0
DA:49,0
DA:50,0
DA:51,0
DA:52,0
DA:53,1
DA:54,1
DA:55,0
DA:56,0
DA:57,0
DA:58,0
DA:59,0
DA:60,0
DA:61,0
DA:62,0
DA:63,0
DA:64,0
DA:65,0
DA:66,0
DA:67,0
DA:68,0
DA:69,0
DA:70,0
DA:71,0
DA:72,0
DA:73,0
DA:74,0
DA:75,0
DA:76,0
DA:77,0
DA:78,0
DA:79,0
DA:80,0
DA:81,0
DA:82,0
DA:83,0
DA:84,0
DA:85,0
DA:86,0
DA:87,1
DA:88,1
DA:89,0
DA:90,0
DA:91,0
DA:92,0
DA:93,0
DA:94,0
DA:95,0
DA:96,0
DA:97,0
DA:98,0
DA:99,0
DA:100,0
DA:101,0
DA:102,0
DA:103,0
DA:104,0
DA:105,0
DA:106,0
DA:107,0
DA:108,1
DA:109,1
DA:110,0
DA:111,0
DA:112,0
DA:113,0
DA:114,0
DA:115,0
DA:116,0
DA:117,0
DA:118,0
DA:119,0
DA:120,0
DA:121,0
DA:122,0
DA:123,0
DA:124,0
DA:125,0
DA:126,0
DA:127,0
DA:128,0
DA:129,0
DA:130,0
DA:131,0
DA:132,0
DA:133,0
DA:134,0
DA:135,0
DA:136,0
DA:137,0
DA:138,0
DA:139,0
DA:140,0
DA:141,1
DA:142,1
DA:143,0
DA:144,0
DA:145,0
DA:146,0
DA:147,0
DA:148,0
DA:149,0
DA:150,0
DA:151,0
DA:152,0
DA:153,0
DA:154,0
DA:155,0
DA:156,0
DA:157,0
DA:158,1
DA:159,1
DA:160,0
DA:161,0
DA:162,0
DA:163,0
DA:164,0
DA:165,0
DA:166,0
DA:167,0
DA:168,1
DA:169,1
DA:170,1
LF:170
LH:56
BRDA:1,0,0,1
BRDA:9,1,0,1
BRDA:31,2,0,1
BRDA:33,3,0,100
BRF:4
BRH:4
end_of_record
TN:
SF:server/lib/logger.js
FN:5,<instance_members_initializer>
FN:6,Logger
FN:10,log
FN:25,info
FN:26,warn
FN:27,error
FNF:6
FNH:2
FNDA:1,<instance_members_initializer>
FNDA:1,Logger
FNDA:0,log
FNDA:0,info
FNDA:0,warn
FNDA:0,error
DA:1,1
DA:2,1
DA:3,1
DA:4,1
DA:5,1
DA:6,1
DA:7,1
DA:8,1
DA:9,1
DA:10,1
DA:11,0
DA:12,0
DA:13,0
DA:14,0
DA:15,0
DA:16,0
DA:17,0
DA:18,0
DA:19,0
DA:20,0
DA:21,0
DA:22,0
DA:23,0
DA:24,1
DA:25,1
DA:26,1
DA:27,1
DA:28,1
DA:29,1
DA:30,1
DA:31,1
DA:32,1
DA:33,1
DA:34,1
DA:35,1
LF:35
LH:22
BRDA:1,0,0,1
BRDA:5,1,0,1
BRDA:6,2,0,1
BRF:3
BRH:3
end_of_record
TN:
SF:server/lib/schemas.js
FNF:0
FNH:0
DA:1,1
DA:2,1
DA:3,1
DA:4,1
DA:5,1
DA:6,1
DA:7,1
DA:8,1
DA:9,1
DA:10,1
DA:11,1
DA:12,1
DA:13,1
DA:14,1
DA:15,1
DA:16,1
DA:17,1
LF:17
LH:17
BRDA:1,0,0,1
BRF:1
BRH:1
end_of_record
TN:
SF:server/lib/simplex2.js
FN:3,Grad
FN:7,Grad.dot2
FN:11,Grad.dot3
FN:38,module.seed
FN:78,simplex2
FN:138,simplexPositive
FN:144,simplex2Rounded
FNF:7
FNH:5
FNDA:12,Grad
FNDA:272,Grad.dot2
FNDA:0,Grad.dot3
FNDA:1,module.seed
FNDA:100,simplex2
FNDA:100,simplexPositive
FNDA:0,simplex2Rounded
DA:1,1
DA:2,1
DA:3,1
DA:4,12
DA:5,12
DA:6,1
DA:7,1
DA:8,272
DA:9,1
DA:10,1
DA:11,1
DA:12,0
DA:13,1
DA:14,1
DA:15,1
DA:16,1
DA:17,1
DA:18,1
DA:19,1
DA:20,1
DA:21,1
DA:22,1
DA:23,1
DA:24,1
DA:25,1
DA:26,1
DA:27,1
DA:28,1
DA:29,1
DA:30,1
DA:31,1
DA:32,1
DA:33,1
DA:34,1
DA:35,1
DA:36,1
DA:37,1
DA:38,1
DA:39,1
DA:40,0
DA:41,0
DA:42,0
DA:43,1
DA:44,1
DA:45,1
DA:46,1
DA:47,1
DA:48,1
DA:49,1
DA:50,256
DA:51,256
DA:52,128
DA:53,128
DA:54,128
DA:55,128
DA:56,256
DA:57,256
DA:58,256
DA:59,256
DA:60,1
DA:61,1
DA:62,1
DA:63,1
DA:64,1
DA:65,1
DA:66,1
DA:67,1
DA:68,1
DA:69,1
DA:70,1
DA:71,1
DA:72,1
DA:73,1
DA:74,1
DA:75,1
DA:76,1
DA:77,1
DA:78,100
DA:79,100
DA:80,100
DA:81,100
DA:82,100
DA:83,100
DA:84,100
DA:85,100
DA:86,100
DA:87,100
DA:88,100
DA:89,100
DA:90,100
DA:91,100
DA:92,100
DA:93,100
DA:94,45
DA:95,100
DA:96,55
DA:97,55
DA:98,100
DA:99,100
DA:100,100
DA:101,100
DA:102,100
DA:103,100
DA:104,100
DA:105,100
DA:106,100
DA:107,100
DA:108,100
DA:109,100
DA:110,100
DA:111,100
DA:112,100
DA:113,100
DA:114,0
DA:115,100
DA:116,100
DA:117,100
DA:118,100
DA:119,100
DA:120,100
DA:121,18
DA:122,100
DA:123,82
DA:124,82
DA:125,82
DA:126,100
DA:127,100
DA:128,10
DA:129,100
DA:130,90
DA:131,90
DA:132,90
DA:133,100
DA:134,100
DA:135,100
DA:136,1
DA:137,1
DA:138,100
DA:139,100
DA:140,100
DA:141,100
DA:142,100
DA:143,1
DA:144,0
DA:145,0
DA:146,0
DA:147,0
DA:148,0
DA:149,0
DA:150,0
DA:151,0
DA:152,1
DA:153,1
LF:153
LH:140
BRDA:1,0,0,1
BRDA:3,1,0,12
BRDA:7,2,0,272
BRDA:38,3,0,1
BRDA:39,4,0,0
BRDA:39,5,0,0
BRDA:49,6,0,256
BRDA:51,7,0,128
BRDA:78,8,0,100
BRDA:93,9,0,45
BRDA:95,10,0,55
BRDA:113,11,0,0
BRDA:120,12,0,18
BRDA:122,13,0,82
BRDA:127,14,0,10
BRDA:129,15,0,90
BRDA:138,16,0,100
BRF:17
BRH:14
end_of_record
TN:
SF:server/lib/utilities.js
FN:4,generateRandomColor
FN:8,dirname
FNF:2
FNH:1
FNDA:0,generateRandomColor
FNDA:1,dirname
DA:1,1
DA:2,1
DA:3,1
DA:4,1
DA:5,0
DA:6,0
DA:7,1
DA:8,1
DA:9,1
DA:10,1
DA:11,1
LF:11
LH:9
BRDA:1,0,0,1
BRDA:8,1,0,1
BRF:2
BRH:2
end_of_record
TN:
SF:server/lib/entities/entity.js
FN:6,Entity
FN:19,getColor
FN:23,checkTileExistsAndIsEmpty
FN:29,move
FN:48,#changeLocation
FN:59,getState
FNF:6
FNH:1
FNDA:100,Entity
FNDA:0,getColor
FNDA:0,checkTileExistsAndIsEmpty
FNDA:0,move
FNDA:0,#changeLocation
FNDA:0,getState
DA:1,1
DA:2,1
DA:3,1
DA:4,1
DA:5,1
DA:6,1
DA:7,100
DA:8,100
DA:9,100
DA:10,100
DA:11,100
DA:12,100
DA:13,100
DA:14,100
DA:15,100
DA:16,100
DA:17,100
DA:18,1
DA:19,1
DA:20,0
DA:21,0
DA:22,1
DA:23,1
DA:24,0
DA:25,0
DA:26,0
DA:27,0
DA:28,1
DA:29,1
DA:30,0
DA:31,0
DA:32,0
DA:33,0
DA:34,0
DA:35,0
DA:36,0
DA:37,0
DA:38,0
DA:39,0
DA:40,0
DA:41,0
DA:42,0
DA:43,0
DA:44,0
DA:45,0
DA:46,1
DA:47,1
DA:48,1
DA:49,0
DA:50,0
DA:51,0
DA:52,0
DA:53,0
DA:54,0
DA:55,0
DA:56,0
DA:57,0
DA:58,1
DA:59,1
DA:60,0
DA:61,0
DA:62,0
DA:63,0
DA:64,0
DA:65,0
DA:66,0
DA:67,0
DA:68,0
DA:69,0
DA:70,1
LF:70
LH:29
BRDA:1,0,0,1
BRDA:6,1,0,100
BRF:2
BRH:2
end_of_record
TN:
SF:server/lib/entities/player.js
FN:5,Player
FN:13,tileNumber
FN:17,online
FN:24,offline
FN:30,getState
FNF:5
FNH:0
FNDA:0,Player
FNDA:0,tileNumber
FNDA:0,online
FNDA:0,offline
FNDA:0,getState
DA:1,1
DA:2,1
DA:3,1
DA:4,1
DA:5,1
DA:6,0
DA:7,0
DA:8,0
DA:9,0
DA:10,0
DA:11,0
DA:12,1
DA:13,1
DA:14,0
DA:15,0
DA:16,1
DA:17,1
DA:18,0
DA:19,0
DA:20,0
DA:21,0
DA:22,0
DA:23,1
DA:24,1
DA:25,0
DA:26,0
DA:27,0
DA:28,0
DA:29,1
DA:30,1
DA:31,0
DA:32,0
DA:33,0
DA:34,0
DA:35,0
DA:36,0
DA:37,0
DA:38,0
DA:39,0
DA:40,1
LF:40
LH:14
BRDA:1,0,0,1
BRF:1
BRH:1
end_of_record
TN:
SF:server/lib/entities/terrain.js
FN:4,<static_initializer>
FN:9,Terrain
FN:15,getColor
FN:19,getState
FNF:4
FNH:2
FNDA:1,<static_initializer>
FNDA:100,Terrain
FNDA:0,getColor
FNDA:0,getState
DA:1,1
DA:2,1
DA:3,1
DA:4,1
DA:5,1
DA:6,1
DA:7,1
DA:8,1
DA:9,1
DA:10,100
DA:11,100
DA:12,100
DA:13,100
DA:14,1
DA:15,1
DA:16,0
DA:17,0
DA:18,1
DA:19,1
DA:20,0
DA:21,0
DA:22,0
DA:23,0
DA:24,0
DA:25,0
DA:26,0
DA:27,0
DA:28,1
DA:29,1
LF:29
LH:19
BRDA:1,0,0,1
BRDA:4,1,0,1
BRDA:9,2,0,100
BRF:3
BRH:3
end_of_record
TN:
SF:server/lib/entities/tile.js
FN:2,Tile
FN:8,getColor
FN:12,getState
FNF:3
FNH:1
FNDA:100,Tile
FNDA:0,getColor
FNDA:0,getState
DA:1,1
DA:2,1
DA:3,100
DA:4,100
DA:5,100
DA:6,100
DA:7,1
DA:8,1
DA:9,0
DA:10,0
DA:11,1
DA:12,1
DA:13,0
DA:14,0
DA:15,0
DA:16,0
DA:17,0
DA:18,0
DA:19,1
DA:20,1
LF:20
LH:12
BRDA:1,0,0,1
BRDA:2,1,0,100
BRF:2
BRH:2
end_of_record
